# JRE version: Java(TM) SE Runtime Environment (8.0_91-b14) (build 1.8.0_91-b14)
# Java VM: Java HotSpot(TM) 64-Bit Server VM (25.91-b14 mixed mode linux-amd64 compressed oops)
Heap:
 PSYoungGen      total 275968K, used 20018K [0x00000000eab00000, 0x0000000100000000, 0x0000000100000000)
  eden space 219136K, 0% used [0x00000000eab00000,0x00000000eab00000,0x00000000f8100000)
  from space 56832K, 35% used [0x00000000fc880000,0x00000000fdc0cb08,0x0000000100000000)
  to   space 65024K, 0% used [0x00000000f8100000,0x00000000f8100000,0x00000000fc080000)
 ParOldGen       total 218112K, used 217917K [0x00000000c0000000, 0x00000000cd500000, 0x00000000eab00000)
  object space 218112K, 99% used [0x00000000c0000000,0x00000000cd4cf7b0,0x00000000cd500000)
 Metaspace       used 6582K, capacity 7320K, committed 7680K, reserved 1056768K
  class space    used 616K, capacity 656K, committed 768K, reserved 1048576K
GC Heap History (10 events):
Event: 11.005 GC heap after
Heap after GC invocations=13 (full 2):
 PSYoungGen      total 271360K, used 32635K [0x00000000eab00000, 0x0000000100000000, 0x0000000100000000)
  eden space 238592K, 0% used [0x00000000eab00000,0x00000000eab00000,0x00000000f9400000)
  from space 32768K, 99% used [0x00000000f9400000,0x00000000fb3ded78,0x00000000fb400000)
  to   space 56832K, 0% used [0x00000000fc880000,0x00000000fc880000,0x0000000100000000)
 ParOldGen       total 140288K, used 117988K [0x00000000c0000000, 0x00000000c8900000, 0x00000000eab00000)
  object space 140288K, 84% used [0x00000000c0000000,0x00000000c73390e0,0x00000000c8900000)
 Metaspace       used 6545K, capacity 7320K, committed 7680K, reserved 1056768K
  class space    used 615K, capacity 656K, committed 768K, reserved 1048576K
}
Event: 11.005 GC heap before
{Heap before GC invocations=14 (full 3):
 PSYoungGen      total 271360K, used 32635K [0x00000000eab00000, 0x0000000100000000, 0x0000000100000000)
  eden space 238592K, 0% used [0x00000000eab00000,0x00000000eab00000,0x00000000f9400000)
  from space 32768K, 99% used [0x00000000f9400000,0x00000000fb3ded78,0x00000000fb400000)
  to   space 56832K, 0% used [0x00000000fc880000,0x00000000fc880000,0x0000000100000000)
 ParOldGen       total 140288K, used 117988K [0x00000000c0000000, 0x00000000c8900000, 0x00000000eab00000)
  object space 140288K, 84% used [0x00000000c0000000,0x00000000c73390e0,0x00000000c8900000)
 Metaspace       used 6545K, capacity 7320K, committed 7680K, reserved 1056768K
  class space    used 615K, capacity 656K, committed 768K, reserved 1048576K
Event: 12.086 GC heap after
Heap after GC invocations=14 (full 3):
 PSYoungGen      total 271360K, used 8949K [0x00000000eab00000, 0x0000000100000000, 0x0000000100000000)
  eden space 238592K, 0% used [0x00000000eab00000,0x00000000eab00000,0x00000000f9400000)
  from space 32768K, 27% used [0x00000000f9400000,0x00000000f9cbd588,0x00000000fb400000)
  to   space 56832K, 0% used [0x00000000fc880000,0x00000000fc880000,0x0000000100000000)
 ParOldGen       total 218112K, used 139880K [0x00000000c0000000, 0x00000000cd500000, 0x00000000eab00000)
  object space 218112K, 64% used [0x00000000c0000000,0x00000000c889a0b8,0x00000000cd500000)
 Metaspace       used 6545K, capacity 7320K, committed 7680K, reserved 1056768K
  class space    used 615K, capacity 656K, committed 768K, reserved 1048576K
}
Event: 12.671 GC heap before
{Heap before GC invocations=15 (full 3):
 PSYoungGen      total 271360K, used 247541K [0x00000000eab00000, 0x0000000100000000, 0x0000000100000000)
  eden space 238592K, 100% used [0x00000000eab00000,0x00000000f9400000,0x00000000f9400000)
  from space 32768K, 27% used [0x00000000f9400000,0x00000000f9cbd588,0x00000000fb400000)
  to   space 56832K, 0% used [0x00000000fc880000,0x00000000fc880000,0x0000000100000000)
 ParOldGen       total 218112K, used 139880K [0x00000000c0000000, 0x00000000cd500000, 0x00000000eab00000)
  object space 218112K, 64% used [0x00000000c0000000,0x00000000c889a0b8,0x00000000cd500000)
 Metaspace       used 6566K, capacity 7320K, committed 7680K, reserved 1056768K
  class space    used 616K, capacity 656K, committed 768K, reserved 1048576K
Event: 13.142 GC heap after
Heap after GC invocations=15 (full 3):
 PSYoungGen      total 295936K, used 21201K [0x00000000eab00000, 0x0000000100000000, 0x0000000100000000)
  eden space 239104K, 0% used [0x00000000eab00000,0x00000000eab00000,0x00000000f9480000)
  from space 56832K, 37% used [0x00000000fc880000,0x00000000fdd34638,0x0000000100000000)
  to   space 53248K, 0% used [0x00000000f9480000,0x00000000f9480000,0x00000000fc880000)
 ParOldGen       total 218112K, used 148047K [0x00000000c0000000, 0x00000000cd500000, 0x00000000eab00000)
  object space 218112K, 67% used [0x00000000c0000000,0x00000000c9093da0,0x00000000cd500000)
 Metaspace       used 6566K, capacity 7320K, committed 7680K, reserved 1056768K
  class space    used 616K, capacity 656K, committed 768K, reserved 1048576K
}
Event: 14.357 GC heap before
{Heap before GC invocations=16 (full 3):
 PSYoungGen      total 295936K, used 260305K [0x00000000eab00000, 0x0000000100000000, 0x0000000100000000)
  eden space 239104K, 100% used [0x00000000eab00000,0x00000000f9480000,0x00000000f9480000)
  from space 56832K, 37% used [0x00000000fc880000,0x00000000fdd34638,0x0000000100000000)
  to   space 53248K, 0% used [0x00000000f9480000,0x00000000f9480000,0x00000000fc880000)
 ParOldGen       total 218112K, used 148047K [0x00000000c0000000, 0x00000000cd500000, 0x00000000eab00000)
  object space 218112K, 67% used [0x00000000c0000000,0x00000000c9093da0,0x00000000cd500000)
 Metaspace       used 6570K, capacity 7320K, committed 7680K, reserved 1056768K
  class space    used 616K, capacity 656K, committed 768K, reserved 1048576K
Event: 14.508 GC heap after
Heap after GC invocations=16 (full 3):
 PSYoungGen      total 292352K, used 53218K [0x00000000eab00000, 0x0000000100000000, 0x0000000100000000)
  eden space 239104K, 0% used [0x00000000eab00000,0x00000000eab00000,0x00000000f9480000)
  from space 53248K, 99% used [0x00000000f9480000,0x00000000fc878a90,0x00000000fc880000)
  to   space 56832K, 0% used [0x00000000fc880000,0x00000000fc880000,0x0000000100000000)
 ParOldGen       total 218112K, used 152963K [0x00000000c0000000, 0x00000000cd500000, 0x00000000eab00000)
  object space 218112K, 70% used [0x00000000c0000000,0x00000000c9560c70,0x00000000cd500000)
 Metaspace       used 6570K, capacity 7320K, committed 7680K, reserved 1056768K
  class space    used 616K, capacity 656K, committed 768K, reserved 1048576K
}
Event: 15.650 GC heap before
{Heap before GC invocations=17 (full 3):
 PSYoungGen      total 292352K, used 292322K [0x00000000eab00000, 0x0000000100000000, 0x0000000100000000)
  eden space 239104K, 100% used [0x00000000eab00000,0x00000000f9480000,0x00000000f9480000)
  from space 53248K, 99% used [0x00000000f9480000,0x00000000fc878a90,0x00000000fc880000)
  to   space 56832K, 0% used [0x00000000fc880000,0x00000000fc880000,0x0000000100000000)
 ParOldGen       total 218112K, used 152963K [0x00000000c0000000, 0x00000000cd500000, 0x00000000eab00000)
  object space 218112K, 70% used [0x00000000c0000000,0x00000000c9560c70,0x00000000cd500000)
 Metaspace       used 6582K, capacity 7320K, committed 7680K, reserved 1056768K
  class space    used 616K, capacity 656K, committed 768K, reserved 1048576K
Event: 15.862 GC heap after
Heap after GC invocations=17 (full 3):
 PSYoungGen      total 275968K, used 37629K [0x00000000eab00000, 0x0000000100000000, 0x0000000100000000)
  eden space 219136K, 0% used [0x00000000eab00000,0x00000000eab00000,0x00000000f8100000)
  from space 56832K, 66% used [0x00000000fc880000,0x00000000fed3f670,0x0000000100000000)
  to   space 65024K, 0% used [0x00000000f8100000,0x00000000f8100000,0x00000000fc080000)
 ParOldGen       total 218112K, used 206328K [0x00000000c0000000, 0x00000000cd500000, 0x00000000eab00000)
  object space 218112K, 94% used [0x00000000c0000000,0x00000000cc97e170,0x00000000cd500000)
 Metaspace       used 6582K, capacity 7320K, committed 7680K, reserved 1056768K
  class space    used 616K, capacity 656K, committed 768K, reserved 1048576K
}
Event: 15.862 GC heap before
{Heap before GC invocations=18 (full 4):
 PSYoungGen      total 275968K, used 37629K [0x00000000eab00000, 0x0000000100000000, 0x0000000100000000)
  eden space 219136K, 0% used [0x00000000eab00000,0x00000000eab00000,0x00000000f8100000)
  from space 56832K, 66% used [0x00000000fc880000,0x00000000fed3f670,0x0000000100000000)
  to   space 65024K, 0% used [0x00000000f8100000,0x00000000f8100000,0x00000000fc080000)
 ParOldGen       total 218112K, used 206328K [0x00000000c0000000, 0x00000000cd500000, 0x00000000eab00000)
  object space 218112K, 94% used [0x00000000c0000000,0x00000000cc97e170,0x00000000cd500000)
 Metaspace       used 6582K, capacity 7320K, committed 7680K, reserved 1056768K
  class space    used 616K, capacity 656K, committed 768K, reserved 1048576K

