# JRE version: Java(TM) SE Runtime Environment (8.0_91-b14) (build 1.8.0_91-b14)
# Java VM: Java HotSpot(TM) 64-Bit Server VM (25.91-b14 mixed mode linux-amd64 compressed oops)
Heap:
 PSYoungGen      total 229888K, used 9402K [0x00000000eab00000, 0x00000000ffd00000, 0x0000000100000000)
  eden space 116736K, 0% used [0x00000000eab00000,0x00000000eab00000,0x00000000f1d00000)
  from space 113152K, 8% used [0x00000000f1d00000,0x00000000f262eaf8,0x00000000f8b80000)
  to   space 110080K, 0% used [0x00000000f9180000,0x00000000f9180000,0x00000000ffd00000)
 ParOldGen       total 504832K, used 504461K [0x00000000c0000000, 0x00000000ded00000, 0x00000000eab00000)
  object space 504832K, 99% used [0x00000000c0000000,0x00000000deca3670,0x00000000ded00000)
 Metaspace       used 6610K, capacity 7320K, committed 7680K, reserved 1056768K
  class space    used 616K, capacity 656K, committed 768K, reserved 1048576K
GC Heap History (10 events):
Event: 26.391 GC heap after
Heap after GC invocations=28 (full 5):
 PSYoungGen      total 229888K, used 70338K [0x00000000eab00000, 0x0000000100000000, 0x0000000100000000)
  eden space 122880K, 0% used [0x00000000eab00000,0x00000000eab00000,0x00000000f2300000)
  from space 107008K, 65% used [0x00000000f2300000,0x00000000f67b0b48,0x00000000f8b80000)
  to   space 109568K, 0% used [0x00000000f9500000,0x00000000f9500000,0x0000000100000000)
 ParOldGen       total 504832K, used 373691K [0x00000000c0000000, 0x00000000ded00000, 0x00000000eab00000)
  object space 504832K, 74% used [0x00000000c0000000,0x00000000d6ceede8,0x00000000ded00000)
 Metaspace       used 6609K, capacity 7320K, committed 7680K, reserved 1056768K
  class space    used 616K, capacity 656K, committed 768K, reserved 1048576K
}
Event: 26.924 GC heap before
{Heap before GC invocations=29 (full 5):
 PSYoungGen      total 229888K, used 193218K [0x00000000eab00000, 0x0000000100000000, 0x0000000100000000)
  eden space 122880K, 100% used [0x00000000eab00000,0x00000000f2300000,0x00000000f2300000)
  from space 107008K, 65% used [0x00000000f2300000,0x00000000f67b0b48,0x00000000f8b80000)
  to   space 109568K, 0% used [0x00000000f9500000,0x00000000f9500000,0x0000000100000000)
 ParOldGen       total 504832K, used 373691K [0x00000000c0000000, 0x00000000ded00000, 0x00000000eab00000)
  object space 504832K, 74% used [0x00000000c0000000,0x00000000d6ceede8,0x00000000ded00000)
 Metaspace       used 6609K, capacity 7320K, committed 7680K, reserved 1056768K
  class space    used 616K, capacity 656K, committed 768K, reserved 1048576K
Event: 27.113 GC heap after
Heap after GC invocations=29 (full 5):
 PSYoungGen      total 226304K, used 88734K [0x00000000eab00000, 0x0000000100000000, 0x0000000100000000)
  eden space 116736K, 0% used [0x00000000eab00000,0x00000000eab00000,0x00000000f1d00000)
  from space 109568K, 80% used [0x00000000f9500000,0x00000000feba7a30,0x0000000100000000)
  to   space 116224K, 0% used [0x00000000f1d00000,0x00000000f1d00000,0x00000000f8e80000)
 ParOldGen       total 504832K, used 373691K [0x00000000c0000000, 0x00000000ded00000, 0x00000000eab00000)
  object space 504832K, 74% used [0x00000000c0000000,0x00000000d6ceede8,0x00000000ded00000)
 Metaspace       used 6609K, capacity 7320K, committed 7680K, reserved 1056768K
  class space    used 616K, capacity 656K, committed 768K, reserved 1048576K
}
Event: 27.562 GC heap before
{Heap before GC invocations=30 (full 5):
 PSYoungGen      total 226304K, used 205470K [0x00000000eab00000, 0x0000000100000000, 0x0000000100000000)
  eden space 116736K, 100% used [0x00000000eab00000,0x00000000f1d00000,0x00000000f1d00000)
  from space 109568K, 80% used [0x00000000f9500000,0x00000000feba7a30,0x0000000100000000)
  to   space 116224K, 0% used [0x00000000f1d00000,0x00000000f1d00000,0x00000000f8e80000)
 ParOldGen       total 504832K, used 373691K [0x00000000c0000000, 0x00000000ded00000, 0x00000000eab00000)
  object space 504832K, 74% used [0x00000000c0000000,0x00000000d6ceede8,0x00000000ded00000)
 Metaspace       used 6609K, capacity 7320K, committed 7680K, reserved 1056768K
  class space    used 616K, capacity 656K, committed 768K, reserved 1048576K
Event: 27.807 GC heap after
Heap after GC invocations=30 (full 5):
 PSYoungGen      total 232960K, used 73187K [0x00000000eab00000, 0x0000000100000000, 0x0000000100000000)
  eden space 116736K, 0% used [0x00000000eab00000,0x00000000eab00000,0x00000000f1d00000)
  from space 116224K, 62% used [0x00000000f1d00000,0x00000000f6478c00,0x00000000f8e80000)
  to   space 116224K, 0% used [0x00000000f8e80000,0x00000000f8e80000,0x0000000100000000)
 ParOldGen       total 504832K, used 407410K [0x00000000c0000000, 0x00000000ded00000, 0x00000000eab00000)
  object space 504832K, 80% used [0x00000000c0000000,0x00000000d8ddc940,0x00000000ded00000)
 Metaspace       used 6609K, capacity 7320K, committed 7680K, reserved 1056768K
  class space    used 616K, capacity 656K, committed 768K, reserved 1048576K
}
Event: 28.308 GC heap before
{Heap before GC invocations=31 (full 5):
 PSYoungGen      total 232960K, used 189923K [0x00000000eab00000, 0x0000000100000000, 0x0000000100000000)
  eden space 116736K, 100% used [0x00000000eab00000,0x00000000f1d00000,0x00000000f1d00000)
  from space 116224K, 62% used [0x00000000f1d00000,0x00000000f6478c00,0x00000000f8e80000)
  to   space 116224K, 0% used [0x00000000f8e80000,0x00000000f8e80000,0x0000000100000000)
 ParOldGen       total 504832K, used 407410K [0x00000000c0000000, 0x00000000ded00000, 0x00000000eab00000)
  object space 504832K, 80% used [0x00000000c0000000,0x00000000d8ddc940,0x00000000ded00000)
 Metaspace       used 6609K, capacity 7320K, committed 7680K, reserved 1056768K
  class space    used 616K, capacity 656K, committed 768K, reserved 1048576K
Event: 28.590 GC heap after
Heap after GC invocations=31 (full 5):
 PSYoungGen      total 226816K, used 54642K [0x00000000eab00000, 0x00000000ffa00000, 0x0000000100000000)
  eden space 116736K, 0% used [0x00000000eab00000,0x00000000eab00000,0x00000000f1d00000)
  from space 110080K, 49% used [0x00000000f8e80000,0x00000000fc3dc9b0,0x00000000ffa00000)
  to   space 113152K, 0% used [0x00000000f1d00000,0x00000000f1d00000,0x00000000f8b80000)
 ParOldGen       total 504832K, used 443586K [0x00000000c0000000, 0x00000000ded00000, 0x00000000eab00000)
  object space 504832K, 87% used [0x00000000c0000000,0x00000000db130ad0,0x00000000ded00000)
 Metaspace       used 6609K, capacity 7320K, committed 7680K, reserved 1056768K
  class space    used 616K, capacity 656K, committed 768K, reserved 1048576K
}
Event: 29.148 GC heap before
{Heap before GC invocations=32 (full 5):
 PSYoungGen      total 226816K, used 171378K [0x00000000eab00000, 0x00000000ffa00000, 0x0000000100000000)
  eden space 116736K, 100% used [0x00000000eab00000,0x00000000f1d00000,0x00000000f1d00000)
  from space 110080K, 49% used [0x00000000f8e80000,0x00000000fc3dc9b0,0x00000000ffa00000)
  to   space 113152K, 0% used [0x00000000f1d00000,0x00000000f1d00000,0x00000000f8b80000)
 ParOldGen       total 504832K, used 443586K [0x00000000c0000000, 0x00000000ded00000, 0x00000000eab00000)
  object space 504832K, 87% used [0x00000000c0000000,0x00000000db130ad0,0x00000000ded00000)
 Metaspace       used 6610K, capacity 7320K, committed 7680K, reserved 1056768K
  class space    used 616K, capacity 656K, committed 768K, reserved 1048576K
Event: 29.341 GC heap after
Heap after GC invocations=32 (full 5):
 PSYoungGen      total 229888K, used 37730K [0x00000000eab00000, 0x00000000ffd00000, 0x0000000100000000)
  eden space 116736K, 0% used [0x00000000eab00000,0x00000000eab00000,0x00000000f1d00000)
  from space 113152K, 33% used [0x00000000f1d00000,0x00000000f41d8bb0,0x00000000f8b80000)
  to   space 110080K, 0% used [0x00000000f9180000,0x00000000f9180000,0x00000000ffd00000)
 ParOldGen       total 504832K, used 480035K [0x00000000c0000000, 0x00000000ded00000, 0x00000000eab00000)
  object space 504832K, 95% used [0x00000000c0000000,0x00000000dd4c8d78,0x00000000ded00000)
 Metaspace       used 6610K, capacity 7320K, committed 7680K, reserved 1056768K
  class space    used 616K, capacity 656K, committed 768K, reserved 1048576K
}
Event: 29.341 GC heap before
{Heap before GC invocations=33 (full 6):
 PSYoungGen      total 229888K, used 37730K [0x00000000eab00000, 0x00000000ffd00000, 0x0000000100000000)
  eden space 116736K, 0% used [0x00000000eab00000,0x00000000eab00000,0x00000000f1d00000)
  from space 113152K, 33% used [0x00000000f1d00000,0x00000000f41d8bb0,0x00000000f8b80000)
  to   space 110080K, 0% used [0x00000000f9180000,0x00000000f9180000,0x00000000ffd00000)
 ParOldGen       total 504832K, used 480035K [0x00000000c0000000, 0x00000000ded00000, 0x00000000eab00000)
  object space 504832K, 95% used [0x00000000c0000000,0x00000000dd4c8d78,0x00000000ded00000)
 Metaspace       used 6610K, capacity 7320K, committed 7680K, reserved 1056768K
  class space    used 616K, capacity 656K, committed 768K, reserved 1048576K

