# JRE version: Java(TM) SE Runtime Environment (8.0_91-b14) (build 1.8.0_91-b14)
# Java VM: Java HotSpot(TM) 64-Bit Server VM (25.91-b14 mixed mode linux-amd64 compressed oops)
Heap:
 PSYoungGen      total 232960K, used 37062K [0x00000000eab00000, 0x0000000100000000, 0x0000000100000000)
  eden space 116736K, 0% used [0x00000000eab00000,0x00000000eab00000,0x00000000f1d00000)
  from space 116224K, 31% used [0x00000000f1d00000,0x00000000f4131940,0x00000000f8e80000)
  to   space 116224K, 0% used [0x00000000f8e80000,0x00000000f8e80000,0x0000000100000000)
 ParOldGen       total 494592K, used 494128K [0x00000000c0000000, 0x00000000de300000, 0x00000000eab00000)
  object space 494592K, 99% used [0x00000000c0000000,0x00000000de28c200,0x00000000de300000)
 Metaspace       used 6610K, capacity 7320K, committed 7680K, reserved 1056768K
  class space    used 617K, capacity 656K, committed 768K, reserved 1048576K
GC Heap History (10 events):
Event: 26.979 GC heap after
Heap after GC invocations=30 (full 5):
 PSYoungGen      total 175616K, used 53464K [0x00000000eab00000, 0x00000000ff500000, 0x0000000100000000)
  eden space 121856K, 0% used [0x00000000eab00000,0x00000000eab00000,0x00000000f2200000)
  from space 53760K, 99% used [0x00000000f2200000,0x00000000f56360d8,0x00000000f5680000)
  to   space 107008K, 0% used [0x00000000f8c80000,0x00000000f8c80000,0x00000000ff500000)
 ParOldGen       total 494592K, used 400833K [0x00000000c0000000, 0x00000000de300000, 0x00000000eab00000)
  object space 494592K, 81% used [0x00000000c0000000,0x00000000d8770460,0x00000000de300000)
 Metaspace       used 6598K, capacity 7320K, committed 7680K, reserved 1056768K
  class space    used 616K, capacity 656K, committed 768K, reserved 1048576K
}
Event: 27.496 GC heap before
{Heap before GC invocations=31 (full 5):
 PSYoungGen      total 175616K, used 175320K [0x00000000eab00000, 0x00000000ff500000, 0x0000000100000000)
  eden space 121856K, 100% used [0x00000000eab00000,0x00000000f2200000,0x00000000f2200000)
  from space 53760K, 99% used [0x00000000f2200000,0x00000000f56360d8,0x00000000f5680000)
  to   space 107008K, 0% used [0x00000000f8c80000,0x00000000f8c80000,0x00000000ff500000)
 ParOldGen       total 494592K, used 400833K [0x00000000c0000000, 0x00000000de300000, 0x00000000eab00000)
  object space 494592K, 81% used [0x00000000c0000000,0x00000000d8770460,0x00000000de300000)
 Metaspace       used 6599K, capacity 7320K, committed 7680K, reserved 1056768K
  class space    used 616K, capacity 656K, committed 768K, reserved 1048576K
Event: 27.619 GC heap after
Heap after GC invocations=31 (full 5):
 PSYoungGen      total 227840K, used 71352K [0x00000000eab00000, 0x0000000100000000, 0x0000000100000000)
  eden space 120832K, 0% used [0x00000000eab00000,0x00000000eab00000,0x00000000f2100000)
  from space 107008K, 66% used [0x00000000f8c80000,0x00000000fd22e320,0x00000000ff500000)
  to   space 110080K, 0% used [0x00000000f2100000,0x00000000f2100000,0x00000000f8c80000)
 ParOldGen       total 494592K, used 400833K [0x00000000c0000000, 0x00000000de300000, 0x00000000eab00000)
  object space 494592K, 81% used [0x00000000c0000000,0x00000000d8770460,0x00000000de300000)
 Metaspace       used 6599K, capacity 7320K, committed 7680K, reserved 1056768K
  class space    used 616K, capacity 656K, committed 768K, reserved 1048576K
}
Event: 28.085 GC heap before
{Heap before GC invocations=32 (full 5):
 PSYoungGen      total 227840K, used 192184K [0x00000000eab00000, 0x0000000100000000, 0x0000000100000000)
  eden space 120832K, 100% used [0x00000000eab00000,0x00000000f2100000,0x00000000f2100000)
  from space 107008K, 66% used [0x00000000f8c80000,0x00000000fd22e320,0x00000000ff500000)
  to   space 110080K, 0% used [0x00000000f2100000,0x00000000f2100000,0x00000000f8c80000)
 ParOldGen       total 494592K, used 400833K [0x00000000c0000000, 0x00000000de300000, 0x00000000eab00000)
  object space 494592K, 81% used [0x00000000c0000000,0x00000000d8770460,0x00000000de300000)
 Metaspace       used 6600K, capacity 7320K, committed 7680K, reserved 1056768K
  class space    used 616K, capacity 656K, committed 768K, reserved 1048576K
Event: 28.220 GC heap after
Heap after GC invocations=32 (full 5):
 PSYoungGen      total 230912K, used 89832K [0x00000000eab00000, 0x0000000100000000, 0x0000000100000000)
  eden space 120832K, 0% used [0x00000000eab00000,0x00000000eab00000,0x00000000f2100000)
  from space 110080K, 81% used [0x00000000f2100000,0x00000000f78ba3f0,0x00000000f8c80000)
  to   space 116224K, 0% used [0x00000000f8e80000,0x00000000f8e80000,0x0000000100000000)
 ParOldGen       total 494592K, used 400833K [0x00000000c0000000, 0x00000000de300000, 0x00000000eab00000)
  object space 494592K, 81% used [0x00000000c0000000,0x00000000d8770460,0x00000000de300000)
 Metaspace       used 6600K, capacity 7320K, committed 7680K, reserved 1056768K
  class space    used 616K, capacity 656K, committed 768K, reserved 1048576K
}
Event: 28.738 GC heap before
{Heap before GC invocations=33 (full 5):
 PSYoungGen      total 230912K, used 210664K [0x00000000eab00000, 0x0000000100000000, 0x0000000100000000)
  eden space 120832K, 100% used [0x00000000eab00000,0x00000000f2100000,0x00000000f2100000)
  from space 110080K, 81% used [0x00000000f2100000,0x00000000f78ba3f0,0x00000000f8c80000)
  to   space 116224K, 0% used [0x00000000f8e80000,0x00000000f8e80000,0x0000000100000000)
 ParOldGen       total 494592K, used 400833K [0x00000000c0000000, 0x00000000de300000, 0x00000000eab00000)
  object space 494592K, 81% used [0x00000000c0000000,0x00000000d8770460,0x00000000de300000)
 Metaspace       used 6600K, capacity 7320K, committed 7680K, reserved 1056768K
  class space    used 616K, capacity 656K, committed 768K, reserved 1048576K
Event: 29.067 GC heap after
Heap after GC invocations=33 (full 5):
 PSYoungGen      total 232960K, used 76486K [0x00000000eab00000, 0x0000000100000000, 0x0000000100000000)
  eden space 116736K, 0% used [0x00000000eab00000,0x00000000eab00000,0x00000000f1d00000)
  from space 116224K, 65% used [0x00000000f8e80000,0x00000000fd931910,0x0000000100000000)
  to   space 116224K, 0% used [0x00000000f1d00000,0x00000000f1d00000,0x00000000f8e80000)
 ParOldGen       total 494592K, used 435106K [0x00000000c0000000, 0x00000000de300000, 0x00000000eab00000)
  object space 494592K, 87% used [0x00000000c0000000,0x00000000da8e8818,0x00000000de300000)
 Metaspace       used 6600K, capacity 7320K, committed 7680K, reserved 1056768K
  class space    used 616K, capacity 656K, committed 768K, reserved 1048576K
}
Event: 29.541 GC heap before
{Heap before GC invocations=34 (full 5):
 PSYoungGen      total 232960K, used 193222K [0x00000000eab00000, 0x0000000100000000, 0x0000000100000000)
  eden space 116736K, 100% used [0x00000000eab00000,0x00000000f1d00000,0x00000000f1d00000)
  from space 116224K, 65% used [0x00000000f8e80000,0x00000000fd931910,0x0000000100000000)
  to   space 116224K, 0% used [0x00000000f1d00000,0x00000000f1d00000,0x00000000f8e80000)
 ParOldGen       total 494592K, used 435106K [0x00000000c0000000, 0x00000000de300000, 0x00000000eab00000)
  object space 494592K, 87% used [0x00000000c0000000,0x00000000da8e8818,0x00000000de300000)
 Metaspace       used 6610K, capacity 7320K, committed 7680K, reserved 1056768K
  class space    used 617K, capacity 656K, committed 768K, reserved 1048576K
Event: 29.745 GC heap after
Heap after GC invocations=34 (full 5):
 PSYoungGen      total 232960K, used 61281K [0x00000000eab00000, 0x0000000100000000, 0x0000000100000000)
  eden space 116736K, 0% used [0x00000000eab00000,0x00000000eab00000,0x00000000f1d00000)
  from space 116224K, 52% used [0x00000000f1d00000,0x00000000f58d84c0,0x00000000f8e80000)
  to   space 116224K, 0% used [0x00000000f8e80000,0x00000000f8e80000,0x0000000100000000)
 ParOldGen       total 494592K, used 471773K [0x00000000c0000000, 0x00000000de300000, 0x00000000eab00000)
  object space 494592K, 95% used [0x00000000c0000000,0x00000000dccb7480,0x00000000de300000)
 Metaspace       used 6610K, capacity 7320K, committed 7680K, reserved 1056768K
  class space    used 617K, capacity 656K, committed 768K, reserved 1048576K
}
Event: 29.745 GC heap before
{Heap before GC invocations=35 (full 6):
 PSYoungGen      total 232960K, used 61281K [0x00000000eab00000, 0x0000000100000000, 0x0000000100000000)
  eden space 116736K, 0% used [0x00000000eab00000,0x00000000eab00000,0x00000000f1d00000)
  from space 116224K, 52% used [0x00000000f1d00000,0x00000000f58d84c0,0x00000000f8e80000)
  to   space 116224K, 0% used [0x00000000f8e80000,0x00000000f8e80000,0x0000000100000000)
 ParOldGen       total 494592K, used 471773K [0x00000000c0000000, 0x00000000de300000, 0x00000000eab00000)
  object space 494592K, 95% used [0x00000000c0000000,0x00000000dccb7480,0x00000000de300000)
 Metaspace       used 6610K, capacity 7320K, committed 7680K, reserved 1056768K
  class space    used 617K, capacity 656K, committed 768K, reserved 1048576K

